<?xml version="1.0" encoding="UTF-8"?>
<!-- Generated by org.testng.reporters.JUnitReportReporter -->
<testsuite skipped="0" hostname="ip-172-31-22-111" name="apiChaining.EndToEndTest" tests="1" failures="0" timestamp="05 Jun 2022 07:01:25 GMT" time="1.720" errors="0">
  <testcase name="test1" time="1.720" classname="apiChaining.EndToEndTest"/>
</testsuite> <!-- apiChaining.EndToEndTest -->
